<?xml version="1.0" encoding="UTF-8"?>
<testsuite name="pav.matrosov.SearchJunitCodeTest" tests="1" skipped="0" failures="0" errors="0" timestamp="2022-02-16T18:13:53" hostname="HOME-PC" time="7.202">
  <properties/>
  <testcase name="searchTest()" classname="pav.matrosov.SearchJunitCodeTest" time="7.202"/>
  <system-out><![CDATA[]]></system-out>
  <system-err><![CDATA[SLF4J: Failed to load class "org.slf4j.impl.StaticLoggerBinder".
SLF4J: Defaulting to no-operation (NOP) logger implementation
SLF4J: See http://www.slf4j.org/codes.html#StaticLoggerBinder for further details.
Starting ChromeDriver 98.0.4758.102 (273bf7ac8c909cde36982d27f66f3c70846a3718-refs/branch-heads/4758@{#1151}) on port 12395
Only local connections are allowed.
Please see https://chromedriver.chromium.org/security-considerations for suggestions on keeping ChromeDriver safe.
ChromeDriver was started successfully.
фев 16, 2022 9:13:56 PM org.openqa.selenium.remote.ProtocolHandshake createSession
INFO: Detected dialect: W3C
]]></system-err>
</testsuite>
